-------------------------------------------------------------------
         SDDP.jl (c) Oscar Dowson and contributors, 2017-24
-------------------------------------------------------------------
problem
  nodes           : 12
  state variables : 10
  scenarios       : 2.44141e+08
  existing cuts   : true
options
  solver          : serial mode
  risk measure    : SDDP.Expectation()
  sampling scheme : SDDP.InSampleMonteCarlo
subproblem structure
  VariableRef                             : [52, 52]
  AffExpr in MOI.EqualTo{Float64}         : [15, 17]
  AffExpr in MOI.GreaterThan{Float64}     : [10, 14]
  AffExpr in MOI.LessThan{Float64}        : [3, 3]
  VariableRef in MOI.EqualTo{Float64}     : [15, 15]
  VariableRef in MOI.GreaterThan{Float64} : [37, 37]
  VariableRef in MOI.LessThan{Float64}    : [1, 2]
-------------------------------------------------------------------
 iteration    simulation      bound        time (s)     solves  pid
-------------------------------------------------------------------
         1   1.215196e+05  3.157638e+04  5.299997e-02       797   1
        10   9.022148e+04  8.923563e+04  7.219999e-01      1445   1
-------------------------------------------------------------------
status         : iteration_limit
total time (s) : 7.219999e-01
total solves   : 1445
best bound     :  8.923563e+04
simulation ci  :  9.342785e+04 ± 8.565149e+03
numeric issues : 0
-------------------------------------------------------------------

-------------------------------------------------------------------
         SDDP.jl (c) Oscar Dowson and contributors, 2017-24
-------------------------------------------------------------------
problem
  nodes           : 12
  state variables : 10
  scenarios       : 2.44141e+08
  existing cuts   : true
options
  solver          : serial mode
  risk measure    : SDDP.Expectation()
  sampling scheme : SDDP.InSampleMonteCarlo
subproblem structure
  VariableRef                             : [52, 52]
  AffExpr in MOI.EqualTo{Float64}         : [15, 17]
  AffExpr in MOI.GreaterThan{Float64}     : [10, 14]
  AffExpr in MOI.LessThan{Float64}        : [3, 3]
  VariableRef in MOI.EqualTo{Float64}     : [15, 15]
  VariableRef in MOI.GreaterThan{Float64} : [37, 37]
  VariableRef in MOI.LessThan{Float64}    : [1, 2]
-------------------------------------------------------------------
 iteration    simulation      bound        time (s)     solves  pid
-------------------------------------------------------------------
         1   1.480264e+05  1.529838e+04  5.900002e-02      1085   1
        14   9.592055e+04  8.937609e+04  8.639998e-01      2021   1
-------------------------------------------------------------------
status         : iteration_limit
total time (s) : 8.639998e-01
total solves   : 2021
best bound     :  8.937609e+04
simulation ci  :  9.493018e+04 ± 9.289225e+03
numeric issues : 0
-------------------------------------------------------------------

-------------------------------------------------------------------
         SDDP.jl (c) Oscar Dowson and contributors, 2017-24
-------------------------------------------------------------------
problem
  nodes           : 12
  state variables : 10
  scenarios       : 2.44141e+08
  existing cuts   : true
options
  solver          : serial mode
  risk measure    : SDDP.Expectation()
  sampling scheme : SDDP.InSampleMonteCarlo
subproblem structure
  VariableRef                             : [52, 52]
  AffExpr in MOI.EqualTo{Float64}         : [15, 17]
  AffExpr in MOI.GreaterThan{Float64}     : [10, 14]
  AffExpr in MOI.LessThan{Float64}        : [3, 3]
  VariableRef in MOI.EqualTo{Float64}     : [15, 15]
  VariableRef in MOI.GreaterThan{Float64} : [37, 37]
  VariableRef in MOI.LessThan{Float64}    : [1, 2]
-------------------------------------------------------------------
 iteration    simulation      bound        time (s)     solves  pid
-------------------------------------------------------------------
         1   1.215196e+05  3.157638e+04  4.999995e-02       797   1
        10   9.022148e+04  8.923563e+04  5.490000e-01      1445   1
-------------------------------------------------------------------
status         : iteration_limit
total time (s) : 5.490000e-01
total solves   : 1445
best bound     :  8.923563e+04
simulation ci  :  9.342785e+04 ± 8.565149e+03
numeric issues : 0
-------------------------------------------------------------------

-------------------------------------------------------------------
         SDDP.jl (c) Oscar Dowson and contributors, 2017-24
-------------------------------------------------------------------
problem
  nodes           : 12
  state variables : 10
  scenarios       : 2.44141e+08
  existing cuts   : true
options
  solver          : serial mode
  risk measure    : SDDP.Expectation()
  sampling scheme : SDDP.InSampleMonteCarlo
subproblem structure
  VariableRef                             : [52, 52]
  AffExpr in MOI.EqualTo{Float64}         : [15, 17]
  AffExpr in MOI.GreaterThan{Float64}     : [10, 14]
  AffExpr in MOI.LessThan{Float64}        : [3, 3]
  VariableRef in MOI.EqualTo{Float64}     : [15, 15]
  VariableRef in MOI.GreaterThan{Float64} : [37, 37]
  VariableRef in MOI.LessThan{Float64}    : [1, 2]
-------------------------------------------------------------------
 iteration    simulation      bound        time (s)     solves  pid
-------------------------------------------------------------------
         1   1.215196e+05  3.157638e+04  6.800008e-02       797   1
        10   9.022148e+04  8.923563e+04  6.829998e-01      1445   1
-------------------------------------------------------------------
status         : iteration_limit
total time (s) : 6.829998e-01
total solves   : 1445
best bound     :  8.923563e+04
simulation ci  :  9.342785e+04 ± 8.565149e+03
numeric issues : 0
-------------------------------------------------------------------

-------------------------------------------------------------------
         SDDP.jl (c) Oscar Dowson and contributors, 2017-24
-------------------------------------------------------------------
problem
  nodes           : 12
  state variables : 10
  scenarios       : 2.44141e+08
  existing cuts   : true
options
  solver          : serial mode
  risk measure    : SDDP.Expectation()
  sampling scheme : SDDP.InSampleMonteCarlo
subproblem structure
  VariableRef                             : [52, 52]
  AffExpr in MOI.EqualTo{Float64}         : [15, 17]
  AffExpr in MOI.GreaterThan{Float64}     : [10, 14]
  AffExpr in MOI.LessThan{Float64}        : [3, 3]
  VariableRef in MOI.EqualTo{Float64}     : [15, 15]
  VariableRef in MOI.GreaterThan{Float64} : [37, 37]
  VariableRef in MOI.LessThan{Float64}    : [1, 2]
-------------------------------------------------------------------
 iteration    simulation      bound        time (s)     solves  pid
-------------------------------------------------------------------
         1   1.215196e+05  3.157638e+04  5.699992e-02       797   1
        10   9.022148e+04  8.923563e+04  6.190000e-01      1445   1
-------------------------------------------------------------------
status         : iteration_limit
total time (s) : 6.190000e-01
total solves   : 1445
best bound     :  8.923563e+04
simulation ci  :  9.342785e+04 ± 8.565149e+03
numeric issues : 0
-------------------------------------------------------------------

-------------------------------------------------------------------
         SDDP.jl (c) Oscar Dowson and contributors, 2017-24
-------------------------------------------------------------------
problem
  nodes           : 12
  state variables : 10
  scenarios       : 2.44141e+08
  existing cuts   : true
options
  solver          : serial mode
  risk measure    : SDDP.Expectation()
  sampling scheme : SDDP.InSampleMonteCarlo
subproblem structure
  VariableRef                             : [52, 52]
  AffExpr in MOI.EqualTo{Float64}         : [15, 17]
  AffExpr in MOI.GreaterThan{Float64}     : [10, 14]
  AffExpr in MOI.LessThan{Float64}        : [3, 3]
  VariableRef in MOI.EqualTo{Float64}     : [15, 15]
  VariableRef in MOI.GreaterThan{Float64} : [37, 37]
  VariableRef in MOI.LessThan{Float64}    : [1, 2]
-------------------------------------------------------------------
 iteration    simulation      bound        time (s)     solves  pid
-------------------------------------------------------------------
         1   1.294656e+05  2.216900e+04  4.900002e-02       797   1
        10   8.281385e+04  8.325870e+04  6.299999e-01      1445   1
-------------------------------------------------------------------
status         : iteration_limit
total time (s) : 6.299999e-01
total solves   : 1445
best bound     :  8.325870e+04
simulation ci  :  8.813467e+04 ± 9.524968e+03
numeric issues : 0
-------------------------------------------------------------------

-------------------------------------------------------------------
         SDDP.jl (c) Oscar Dowson and contributors, 2017-24
-------------------------------------------------------------------
problem
  nodes           : 12
  state variables : 10
  scenarios       : 2.44141e+08
  existing cuts   : true
options
  solver          : serial mode
  risk measure    : SDDP.Expectation()
  sampling scheme : SDDP.InSampleMonteCarlo
subproblem structure
  VariableRef                             : [52, 52]
  AffExpr in MOI.EqualTo{Float64}         : [15, 17]
  AffExpr in MOI.GreaterThan{Float64}     : [10, 14]
  AffExpr in MOI.LessThan{Float64}        : [3, 3]
  VariableRef in MOI.EqualTo{Float64}     : [15, 15]
  VariableRef in MOI.GreaterThan{Float64} : [37, 37]
  VariableRef in MOI.LessThan{Float64}    : [1, 2]
-------------------------------------------------------------------
 iteration    simulation      bound        time (s)     solves  pid
-------------------------------------------------------------------
         1   1.215196e+05  3.157638e+04  6.999993e-02       797   1
        10   9.022148e+04  8.923563e+04  7.010000e-01      1445   1
-------------------------------------------------------------------
status         : iteration_limit
total time (s) : 7.010000e-01
total solves   : 1445
best bound     :  8.923563e+04
simulation ci  :  9.342785e+04 ± 8.565149e+03
numeric issues : 0
-------------------------------------------------------------------

