-------------------------------------------------------------------
         SDDP.jl (c) Oscar Dowson and contributors, 2017-24
-------------------------------------------------------------------
problem
  nodes           : 12
  state variables : 10
  scenarios       : 2.44141e+08
  existing cuts   : true
options
  solver          : serial mode
  risk measure    : SDDP.Expectation()
  sampling scheme : SDDP.InSampleMonteCarlo
subproblem structure
  VariableRef                             : [52, 52]
  AffExpr in MOI.EqualTo{Float64}         : [15, 17]
  AffExpr in MOI.GreaterThan{Float64}     : [10, 59]
  VariableRef in MOI.EqualTo{Float64}     : [15, 15]
  VariableRef in MOI.GreaterThan{Float64} : [37, 37]
  VariableRef in MOI.LessThan{Float64}    : [1, 2]
-------------------------------------------------------------------
 iteration    simulation      bound        time (s)     solves  pid
-------------------------------------------------------------------
         1   7.578613e+03  5.504809e+03  9.100008e-02     13847   1
        10   5.967931e+03  5.504809e+03  7.310002e-01     14495   1
-------------------------------------------------------------------
status         : iteration_limit
total time (s) : 7.310002e-01
total solves   : 14495
best bound     :  5.504809e+03
simulation ci  :  5.869453e+03 ± 4.289229e+02
numeric issues : 0
-------------------------------------------------------------------

