-------------------------------------------------------------------
         SDDP.jl (c) Oscar Dowson and contributors, 2017-24
-------------------------------------------------------------------
problem
  nodes           : 12
  state variables : 10
  scenarios       : 2.44141e+08
  existing cuts   : true
options
  solver          : serial mode
  risk measure    : SDDP.Expectation()
  sampling scheme : SDDP.InSampleMonteCarlo
subproblem structure
  VariableRef                             : [52, 52]
  AffExpr in MOI.EqualTo{Float64}         : [15, 17]
  AffExpr in MOI.GreaterThan{Float64}     : [10, 55]
  VariableRef in MOI.EqualTo{Float64}     : [15, 15]
  VariableRef in MOI.GreaterThan{Float64} : [37, 37]
  VariableRef in MOI.LessThan{Float64}    : [1, 2]
-------------------------------------------------------------------
 iteration    simulation      bound        time (s)     solves  pid
-------------------------------------------------------------------
         1   2.384347e+04  2.400574e+04  7.299995e-02     12397   1
        10   2.335999e+04  2.400574e+04  8.230000e-01     13045   1
-------------------------------------------------------------------
status         : iteration_limit
total time (s) : 8.230000e-01
total solves   : 13045
best bound     :  2.400574e+04
simulation ci  :  2.373378e+04 ± 7.657069e+02
numeric issues : 0
-------------------------------------------------------------------

-------------------------------------------------------------------
         SDDP.jl (c) Oscar Dowson and contributors, 2017-24
-------------------------------------------------------------------
problem
  nodes           : 12
  state variables : 10
  scenarios       : 2.44141e+08
  existing cuts   : true
options
  solver          : serial mode
  risk measure    : SDDP.Expectation()
  sampling scheme : SDDP.InSampleMonteCarlo
subproblem structure
  VariableRef                             : [52, 52]
  AffExpr in MOI.EqualTo{Float64}         : [15, 17]
  AffExpr in MOI.GreaterThan{Float64}     : [10, 55]
  VariableRef in MOI.EqualTo{Float64}     : [15, 15]
  VariableRef in MOI.GreaterThan{Float64} : [37, 37]
  VariableRef in MOI.LessThan{Float64}    : [1, 2]
-------------------------------------------------------------------
 iteration    simulation      bound        time (s)     solves  pid
-------------------------------------------------------------------
         1   2.384347e+04  2.400574e+04  6.800008e-02     12397   1
        10   2.335999e+04  2.400574e+04  7.590001e-01     13045   1
-------------------------------------------------------------------
status         : iteration_limit
total time (s) : 7.590001e-01
total solves   : 13045
best bound     :  2.400574e+04
simulation ci  :  2.373378e+04 ± 7.657069e+02
numeric issues : 0
-------------------------------------------------------------------

-------------------------------------------------------------------
         SDDP.jl (c) Oscar Dowson and contributors, 2017-24
-------------------------------------------------------------------
problem
  nodes           : 12
  state variables : 10
  scenarios       : 2.44141e+08
  existing cuts   : true
options
  solver          : serial mode
  risk measure    : SDDP.Expectation()
  sampling scheme : SDDP.InSampleMonteCarlo
subproblem structure
  VariableRef                             : [52, 52]
  AffExpr in MOI.EqualTo{Float64}         : [15, 17]
  AffExpr in MOI.GreaterThan{Float64}     : [10, 55]
  VariableRef in MOI.EqualTo{Float64}     : [15, 15]
  VariableRef in MOI.GreaterThan{Float64} : [37, 37]
  VariableRef in MOI.LessThan{Float64}    : [1, 2]
-------------------------------------------------------------------
 iteration    simulation      bound        time (s)     solves  pid
-------------------------------------------------------------------
         1   2.384347e+04  2.400574e+04  5.700016e-02     12397   1
        10   2.335999e+04  2.400574e+04  6.660001e-01     13045   1
-------------------------------------------------------------------
status         : iteration_limit
total time (s) : 6.660001e-01
total solves   : 13045
best bound     :  2.400574e+04
simulation ci  :  2.373378e+04 ± 7.657069e+02
numeric issues : 0
-------------------------------------------------------------------

-------------------------------------------------------------------
         SDDP.jl (c) Oscar Dowson and contributors, 2017-24
-------------------------------------------------------------------
problem
  nodes           : 12
  state variables : 10
  scenarios       : 2.44141e+08
  existing cuts   : true
options
  solver          : serial mode
  risk measure    : SDDP.Expectation()
  sampling scheme : SDDP.InSampleMonteCarlo
subproblem structure
  VariableRef                             : [52, 52]
  AffExpr in MOI.EqualTo{Float64}         : [15, 17]
  AffExpr in MOI.GreaterThan{Float64}     : [10, 57]
  VariableRef in MOI.EqualTo{Float64}     : [15, 15]
  VariableRef in MOI.GreaterThan{Float64} : [37, 37]
  VariableRef in MOI.LessThan{Float64}    : [1, 2]
-------------------------------------------------------------------
 iteration    simulation      bound        time (s)     solves  pid
-------------------------------------------------------------------
         1   2.352338e+04  2.400574e+04  7.600021e-02     24637   1
        14   2.176739e+04  2.400574e+04  1.128000e+00     25573   1
        20   2.400574e+04  2.400574e+04  1.604000e+00     26005   1
-------------------------------------------------------------------
status         : iteration_limit
total time (s) : 1.604000e+00
total solves   : 26005
best bound     :  2.400574e+04
simulation ci  :  2.335007e+04 ± 7.440890e+02
numeric issues : 0
-------------------------------------------------------------------

