-------------------------------------------------------------------
         SDDP.jl (c) Oscar Dowson and contributors, 2017-24
-------------------------------------------------------------------
problem
  nodes           : 12
  state variables : 10
  scenarios       : 2.44141e+08
  existing cuts   : true
options
  solver          : serial mode
  risk measure    : SDDP.Expectation()
  sampling scheme : SDDP.InSampleMonteCarlo
subproblem structure
  VariableRef                             : [52, 52]
  AffExpr in MOI.EqualTo{Float64}         : [15, 17]
  AffExpr in MOI.GreaterThan{Float64}     : [10, 14]
  VariableRef in MOI.EqualTo{Float64}     : [15, 15]
  VariableRef in MOI.GreaterThan{Float64} : [37, 37]
  VariableRef in MOI.LessThan{Float64}    : [1, 2]
-------------------------------------------------------------------
 iteration    simulation      bound        time (s)     solves  pid
-------------------------------------------------------------------
         1   3.745420e+04  4.041870e+04  4.799986e-02       797   1
        10   4.095770e+04  4.041870e+04  6.269999e-01      1445   1
-------------------------------------------------------------------
status         : iteration_limit
total time (s) : 6.269999e-01
total solves   : 1445
best bound     :  4.041870e+04
simulation ci  :  3.993360e+04 ± 1.564578e+03
numeric issues : 0
-------------------------------------------------------------------

-------------------------------------------------------------------
         SDDP.jl (c) Oscar Dowson and contributors, 2017-24
-------------------------------------------------------------------
problem
  nodes           : 12
  state variables : 10
  scenarios       : 2.44141e+08
  existing cuts   : true
options
  solver          : serial mode
  risk measure    : SDDP.Expectation()
  sampling scheme : SDDP.InSampleMonteCarlo
subproblem structure
  VariableRef                             : [52, 52]
  AffExpr in MOI.EqualTo{Float64}         : [15, 17]
  AffExpr in MOI.GreaterThan{Float64}     : [10, 14]
  VariableRef in MOI.EqualTo{Float64}     : [15, 15]
  VariableRef in MOI.GreaterThan{Float64} : [37, 37]
  VariableRef in MOI.LessThan{Float64}    : [1, 2]
-------------------------------------------------------------------
 iteration    simulation      bound        time (s)     solves  pid
-------------------------------------------------------------------
         1   3.745420e+04  4.041870e+04  4.699993e-02       797   1
        10   4.095770e+04  4.041870e+04  5.270000e-01      1445   1
-------------------------------------------------------------------
status         : iteration_limit
total time (s) : 5.270000e-01
total solves   : 1445
best bound     :  4.041870e+04
simulation ci  :  3.993360e+04 ± 1.564578e+03
numeric issues : 0
-------------------------------------------------------------------

-------------------------------------------------------------------
         SDDP.jl (c) Oscar Dowson and contributors, 2017-24
-------------------------------------------------------------------
problem
  nodes           : 12
  state variables : 10
  scenarios       : 2.44141e+08
  existing cuts   : true
options
  solver          : serial mode
  risk measure    : SDDP.Expectation()
  sampling scheme : SDDP.InSampleMonteCarlo
subproblem structure
  VariableRef                             : [52, 52]
  AffExpr in MOI.EqualTo{Float64}         : [15, 17]
  AffExpr in MOI.GreaterThan{Float64}     : [10, 14]
  VariableRef in MOI.EqualTo{Float64}     : [15, 15]
  VariableRef in MOI.GreaterThan{Float64} : [37, 37]
  VariableRef in MOI.LessThan{Float64}    : [1, 2]
-------------------------------------------------------------------
 iteration    simulation      bound        time (s)     solves  pid
-------------------------------------------------------------------
         1   3.745420e+04  4.041870e+04  6.400013e-02       797   1
        10   4.095770e+04  4.041870e+04  8.200002e-01      1445   1
-------------------------------------------------------------------
status         : iteration_limit
total time (s) : 8.200002e-01
total solves   : 1445
best bound     :  4.041870e+04
simulation ci  :  3.993360e+04 ± 1.564578e+03
numeric issues : 0
-------------------------------------------------------------------

-------------------------------------------------------------------
         SDDP.jl (c) Oscar Dowson and contributors, 2017-24
-------------------------------------------------------------------
problem
  nodes           : 12
  state variables : 10
  scenarios       : 2.44141e+08
  existing cuts   : true
options
  solver          : serial mode
  risk measure    : SDDP.Expectation()
  sampling scheme : SDDP.InSampleMonteCarlo
subproblem structure
  VariableRef                             : [52, 52]
  AffExpr in MOI.EqualTo{Float64}         : [15, 17]
  AffExpr in MOI.GreaterThan{Float64}     : [10, 14]
  VariableRef in MOI.EqualTo{Float64}     : [15, 15]
  VariableRef in MOI.GreaterThan{Float64} : [37, 37]
  VariableRef in MOI.LessThan{Float64}    : [1, 2]
-------------------------------------------------------------------
 iteration    simulation      bound        time (s)     solves  pid
-------------------------------------------------------------------
         1   3.745420e+04  4.041870e+04  5.699992e-02       797   1
        10   4.095770e+04  4.041870e+04  6.050000e-01      1445   1
-------------------------------------------------------------------
status         : iteration_limit
total time (s) : 6.050000e-01
total solves   : 1445
best bound     :  4.041870e+04
simulation ci  :  3.993360e+04 ± 1.564578e+03
numeric issues : 0
-------------------------------------------------------------------

-------------------------------------------------------------------
         SDDP.jl (c) Oscar Dowson and contributors, 2017-24
-------------------------------------------------------------------
problem
  nodes           : 12
  state variables : 10
  scenarios       : 2.44141e+08
  existing cuts   : true
options
  solver          : serial mode
  risk measure    : SDDP.Expectation()
  sampling scheme : SDDP.InSampleMonteCarlo
subproblem structure
  VariableRef                             : [52, 52]
  AffExpr in MOI.EqualTo{Float64}         : [15, 17]
  AffExpr in MOI.GreaterThan{Float64}     : [10, 14]
  VariableRef in MOI.EqualTo{Float64}     : [15, 15]
  VariableRef in MOI.GreaterThan{Float64} : [37, 37]
  VariableRef in MOI.LessThan{Float64}    : [1, 2]
-------------------------------------------------------------------
 iteration    simulation      bound        time (s)     solves  pid
-------------------------------------------------------------------
         1   3.745420e+04  4.041870e+04  5.299997e-02       797   1
        10   4.095770e+04  4.041870e+04  6.570001e-01      1445   1
-------------------------------------------------------------------
status         : iteration_limit
total time (s) : 6.570001e-01
total solves   : 1445
best bound     :  4.041870e+04
simulation ci  :  3.993360e+04 ± 1.564578e+03
numeric issues : 0
-------------------------------------------------------------------

-------------------------------------------------------------------
         SDDP.jl (c) Oscar Dowson and contributors, 2017-24
-------------------------------------------------------------------
problem
  nodes           : 12
  state variables : 10
  scenarios       : 2.44141e+08
  existing cuts   : true
options
  solver          : serial mode
  risk measure    : SDDP.Expectation()
  sampling scheme : SDDP.InSampleMonteCarlo
subproblem structure
  VariableRef                             : [52, 52]
  AffExpr in MOI.EqualTo{Float64}         : [15, 17]
  AffExpr in MOI.GreaterThan{Float64}     : [10, 14]
  VariableRef in MOI.EqualTo{Float64}     : [15, 15]
  VariableRef in MOI.GreaterThan{Float64} : [37, 37]
  VariableRef in MOI.LessThan{Float64}    : [1, 2]
-------------------------------------------------------------------
 iteration    simulation      bound        time (s)     solves  pid
-------------------------------------------------------------------
         1   3.745420e+04  4.041870e+04  6.499982e-02       797   1
        10   4.095770e+04  4.041870e+04  6.839998e-01      1445   1
-------------------------------------------------------------------
status         : iteration_limit
total time (s) : 6.839998e-01
total solves   : 1445
best bound     :  4.041870e+04
simulation ci  :  3.993360e+04 ± 1.564578e+03
numeric issues : 0
-------------------------------------------------------------------

-------------------------------------------------------------------
         SDDP.jl (c) Oscar Dowson and contributors, 2017-24
-------------------------------------------------------------------
problem
  nodes           : 12
  state variables : 10
  scenarios       : 2.44141e+08
  existing cuts   : true
options
  solver          : serial mode
  risk measure    : SDDP.Expectation()
  sampling scheme : SDDP.InSampleMonteCarlo
subproblem structure
  VariableRef                             : [52, 52]
  AffExpr in MOI.EqualTo{Float64}         : [15, 17]
  AffExpr in MOI.GreaterThan{Float64}     : [10, 14]
  VariableRef in MOI.EqualTo{Float64}     : [15, 15]
  VariableRef in MOI.GreaterThan{Float64} : [37, 37]
  VariableRef in MOI.LessThan{Float64}    : [1, 2]
-------------------------------------------------------------------
 iteration    simulation      bound        time (s)     solves  pid
-------------------------------------------------------------------
         1   7.490840e-02  8.083740e-02  6.800008e-02       797   1
        10   8.191540e-02  8.083740e-02  7.449999e-01      1445   1
-------------------------------------------------------------------
status         : iteration_limit
total time (s) : 7.449999e-01
total solves   : 1445
best bound     :  8.083740e-02
simulation ci  :  7.986720e-02 ± 3.129156e-03
numeric issues : 0
-------------------------------------------------------------------

-------------------------------------------------------------------
         SDDP.jl (c) Oscar Dowson and contributors, 2017-24
-------------------------------------------------------------------
problem
  nodes           : 12
  state variables : 10
  scenarios       : 2.44141e+08
  existing cuts   : true
options
  solver          : serial mode
  risk measure    : SDDP.Expectation()
  sampling scheme : SDDP.InSampleMonteCarlo
subproblem structure
  VariableRef                             : [52, 52]
  AffExpr in MOI.EqualTo{Float64}         : [15, 17]
  AffExpr in MOI.GreaterThan{Float64}     : [10, 14]
  VariableRef in MOI.EqualTo{Float64}     : [15, 15]
  VariableRef in MOI.GreaterThan{Float64} : [37, 37]
  VariableRef in MOI.LessThan{Float64}    : [1, 2]
-------------------------------------------------------------------
 iteration    simulation      bound        time (s)     solves  pid
-------------------------------------------------------------------
         1  -1.197070e+00 -9.861909e-02  8.200002e-02       797   1
        10  -1.187700e+00 -9.861909e-02  6.610000e-01      1445   1
-------------------------------------------------------------------
status         : iteration_limit
total time (s) : 6.610000e-01
total solves   : 1445
best bound     : -9.861909e-02
simulation ci  : -1.190439e+00 ± 4.184616e-03
numeric issues : 0
-------------------------------------------------------------------

-------------------------------------------------------------------
         SDDP.jl (c) Oscar Dowson and contributors, 2017-24
-------------------------------------------------------------------
problem
  nodes           : 12
  state variables : 10
  scenarios       : 2.44141e+08
  existing cuts   : true
options
  solver          : serial mode
  risk measure    : SDDP.Expectation()
  sampling scheme : SDDP.InSampleMonteCarlo
subproblem structure
  VariableRef                             : [52, 52]
  AffExpr in MOI.EqualTo{Float64}         : [15, 17]
  AffExpr in MOI.GreaterThan{Float64}     : [10, 14]
  VariableRef in MOI.EqualTo{Float64}     : [15, 15]
  VariableRef in MOI.GreaterThan{Float64} : [37, 37]
  VariableRef in MOI.LessThan{Float64}    : [1, 2]
-------------------------------------------------------------------
 iteration    simulation      bound        time (s)     solves  pid
-------------------------------------------------------------------
         1  -1.197070e+00 -9.861909e-02  6.800008e-02       797   1
        10  -1.187700e+00 -9.861909e-02  6.360002e-01      1445   1
-------------------------------------------------------------------
status         : iteration_limit
total time (s) : 6.360002e-01
total solves   : 1445
best bound     : -9.861909e-02
simulation ci  : -1.190439e+00 ± 4.184616e-03
numeric issues : 0
-------------------------------------------------------------------

-------------------------------------------------------------------
         SDDP.jl (c) Oscar Dowson and contributors, 2017-24
-------------------------------------------------------------------
problem
  nodes           : 12
  state variables : 10
  scenarios       : 2.44141e+08
  existing cuts   : true
options
  solver          : serial mode
  risk measure    : SDDP.Expectation()
  sampling scheme : SDDP.InSampleMonteCarlo
subproblem structure
  VariableRef                             : [52, 52]
  AffExpr in MOI.EqualTo{Float64}         : [15, 17]
  AffExpr in MOI.GreaterThan{Float64}     : [10, 14]
  VariableRef in MOI.EqualTo{Float64}     : [15, 15]
  VariableRef in MOI.GreaterThan{Float64} : [37, 37]
  VariableRef in MOI.LessThan{Float64}    : [1, 2]
-------------------------------------------------------------------
 iteration    simulation      bound        time (s)     solves  pid
-------------------------------------------------------------------
         1  -1.197070e+00 -9.861909e-02  7.599998e-02       797   1
        10  -1.187700e+00 -9.861909e-02  7.060001e-01      1445   1
-------------------------------------------------------------------
status         : iteration_limit
total time (s) : 7.060001e-01
total solves   : 1445
best bound     : -9.861909e-02
simulation ci  : -1.190439e+00 ± 4.184616e-03
numeric issues : 0
-------------------------------------------------------------------

-------------------------------------------------------------------
         SDDP.jl (c) Oscar Dowson and contributors, 2017-24
-------------------------------------------------------------------
problem
  nodes           : 12
  state variables : 10
  scenarios       : 2.44141e+08
  existing cuts   : true
options
  solver          : serial mode
  risk measure    : SDDP.Expectation()
  sampling scheme : SDDP.InSampleMonteCarlo
subproblem structure
  VariableRef                             : [52, 52]
  AffExpr in MOI.EqualTo{Float64}         : [15, 17]
  AffExpr in MOI.GreaterThan{Float64}     : [10, 14]
  VariableRef in MOI.EqualTo{Float64}     : [15, 15]
  VariableRef in MOI.GreaterThan{Float64} : [37, 37]
  VariableRef in MOI.LessThan{Float64}    : [1, 2]
-------------------------------------------------------------------
 iteration    simulation      bound        time (s)     solves  pid
-------------------------------------------------------------------
         1  -1.197070e+00 -9.861909e-02  6.900001e-02       797   1
        10  -1.187700e+00 -9.861909e-02  6.459999e-01      1445   1
-------------------------------------------------------------------
status         : iteration_limit
total time (s) : 6.459999e-01
total solves   : 1445
best bound     : -9.861909e-02
simulation ci  : -1.190439e+00 ± 4.184616e-03
numeric issues : 0
-------------------------------------------------------------------

-------------------------------------------------------------------
         SDDP.jl (c) Oscar Dowson and contributors, 2017-24
-------------------------------------------------------------------
problem
  nodes           : 12
  state variables : 10
  scenarios       : 2.44141e+08
  existing cuts   : true
options
  solver          : serial mode
  risk measure    : SDDP.Expectation()
  sampling scheme : SDDP.InSampleMonteCarlo
subproblem structure
  VariableRef                             : [52, 52]
  AffExpr in MOI.EqualTo{Float64}         : [15, 17]
  AffExpr in MOI.GreaterThan{Float64}     : [10, 14]
  VariableRef in MOI.EqualTo{Float64}     : [15, 15]
  VariableRef in MOI.GreaterThan{Float64} : [37, 37]
  VariableRef in MOI.LessThan{Float64}    : [1, 2]
-------------------------------------------------------------------
 iteration    simulation      bound        time (s)     solves  pid
-------------------------------------------------------------------
         1  -1.197070e+00 -9.861909e-02  7.200003e-02       797   1
        10  -1.187700e+00 -9.861909e-02  6.289999e-01      1445   1
-------------------------------------------------------------------
status         : iteration_limit
total time (s) : 6.289999e-01
total solves   : 1445
best bound     : -9.861909e-02
simulation ci  : -1.190439e+00 ± 4.184616e-03
numeric issues : 0
-------------------------------------------------------------------

-------------------------------------------------------------------
         SDDP.jl (c) Oscar Dowson and contributors, 2017-24
-------------------------------------------------------------------
problem
  nodes           : 12
  state variables : 10
  scenarios       : 2.44141e+08
  existing cuts   : true
options
  solver          : serial mode
  risk measure    : SDDP.Expectation()
  sampling scheme : SDDP.InSampleMonteCarlo
subproblem structure
  VariableRef                             : [52, 52]
  AffExpr in MOI.EqualTo{Float64}         : [15, 17]
  AffExpr in MOI.GreaterThan{Float64}     : [10, 14]
  VariableRef in MOI.EqualTo{Float64}     : [15, 15]
  VariableRef in MOI.GreaterThan{Float64} : [37, 37]
  VariableRef in MOI.LessThan{Float64}    : [1, 2]
-------------------------------------------------------------------
 iteration    simulation      bound        time (s)     solves  pid
-------------------------------------------------------------------
         1   3.745420e+04  4.041870e+04  5.399990e-02       797   1
        10   4.095770e+04  4.041870e+04  6.940000e-01      1445   1
-------------------------------------------------------------------
status         : iteration_limit
total time (s) : 6.940000e-01
total solves   : 1445
best bound     :  4.041870e+04
simulation ci  :  3.993360e+04 ± 1.564578e+03
numeric issues : 0
-------------------------------------------------------------------

-------------------------------------------------------------------
         SDDP.jl (c) Oscar Dowson and contributors, 2017-24
-------------------------------------------------------------------
problem
  nodes           : 12
  state variables : 10
  scenarios       : 2.44141e+08
  existing cuts   : true
options
  solver          : serial mode
  risk measure    : SDDP.Expectation()
  sampling scheme : SDDP.InSampleMonteCarlo
subproblem structure
  VariableRef                             : [52, 52]
  AffExpr in MOI.EqualTo{Float64}         : [15, 17]
  AffExpr in MOI.GreaterThan{Float64}     : [10, 14]
  VariableRef in MOI.EqualTo{Float64}     : [15, 15]
  VariableRef in MOI.GreaterThan{Float64} : [37, 37]
  VariableRef in MOI.LessThan{Float64}    : [1, 2]
-------------------------------------------------------------------
 iteration    simulation      bound        time (s)     solves  pid
-------------------------------------------------------------------
         1   3.745420e+04  4.041870e+04  6.699991e-02       797   1
        10   4.095770e+04  4.041870e+04  6.929998e-01      1445   1
-------------------------------------------------------------------
status         : iteration_limit
total time (s) : 6.929998e-01
total solves   : 1445
best bound     :  4.041870e+04
simulation ci  :  3.993360e+04 ± 1.564578e+03
numeric issues : 0
-------------------------------------------------------------------

-------------------------------------------------------------------
         SDDP.jl (c) Oscar Dowson and contributors, 2017-24
-------------------------------------------------------------------
problem
  nodes           : 12
  state variables : 10
  scenarios       : 2.44141e+08
  existing cuts   : true
options
  solver          : serial mode
  risk measure    : SDDP.Expectation()
  sampling scheme : SDDP.InSampleMonteCarlo
subproblem structure
  VariableRef                             : [52, 52]
  AffExpr in MOI.EqualTo{Float64}         : [15, 17]
  AffExpr in MOI.GreaterThan{Float64}     : [10, 14]
  VariableRef in MOI.EqualTo{Float64}     : [15, 15]
  VariableRef in MOI.GreaterThan{Float64} : [37, 37]
  VariableRef in MOI.LessThan{Float64}    : [1, 2]
-------------------------------------------------------------------
 iteration    simulation      bound        time (s)     solves  pid
-------------------------------------------------------------------
         1   3.745420e+04  4.041870e+04  5.400014e-02       797   1
        10   4.095770e+04  4.041870e+04  6.460001e-01      1445   1
-------------------------------------------------------------------
status         : iteration_limit
total time (s) : 6.460001e-01
total solves   : 1445
best bound     :  4.041870e+04
simulation ci  :  3.993360e+04 ± 1.564578e+03
numeric issues : 0
-------------------------------------------------------------------

-------------------------------------------------------------------
         SDDP.jl (c) Oscar Dowson and contributors, 2017-24
-------------------------------------------------------------------
problem
  nodes           : 12
  state variables : 10
  scenarios       : 2.44141e+08
  existing cuts   : true
options
  solver          : serial mode
  risk measure    : SDDP.Expectation()
  sampling scheme : SDDP.InSampleMonteCarlo
subproblem structure
  VariableRef                             : [52, 52]
  AffExpr in MOI.EqualTo{Float64}         : [15, 17]
  AffExpr in MOI.GreaterThan{Float64}     : [10, 14]
  VariableRef in MOI.EqualTo{Float64}     : [15, 15]
  VariableRef in MOI.GreaterThan{Float64} : [37, 37]
  VariableRef in MOI.LessThan{Float64}    : [1, 2]
-------------------------------------------------------------------
 iteration    simulation      bound        time (s)     solves  pid
-------------------------------------------------------------------
         1   3.745420e+04  4.041870e+04  5.599999e-02       797   1
        10   4.095770e+04  4.041870e+04  6.380000e-01      1445   1
-------------------------------------------------------------------
status         : iteration_limit
total time (s) : 6.380000e-01
total solves   : 1445
best bound     :  4.041870e+04
simulation ci  :  3.993360e+04 ± 1.564578e+03
numeric issues : 0
-------------------------------------------------------------------

-------------------------------------------------------------------
         SDDP.jl (c) Oscar Dowson and contributors, 2017-24
-------------------------------------------------------------------
problem
  nodes           : 12
  state variables : 10
  scenarios       : 2.44141e+08
  existing cuts   : true
options
  solver          : serial mode
  risk measure    : SDDP.Expectation()
  sampling scheme : SDDP.InSampleMonteCarlo
subproblem structure
  VariableRef                             : [52, 52]
  AffExpr in MOI.EqualTo{Float64}         : [15, 17]
  AffExpr in MOI.GreaterThan{Float64}     : [10, 14]
  VariableRef in MOI.EqualTo{Float64}     : [15, 15]
  VariableRef in MOI.GreaterThan{Float64} : [37, 37]
  VariableRef in MOI.LessThan{Float64}    : [1, 2]
-------------------------------------------------------------------
 iteration    simulation      bound        time (s)     solves  pid
-------------------------------------------------------------------
         1   3.745420e+04  4.041870e+04  6.299996e-02       797   1
        10   4.095770e+04  4.041870e+04  6.209998e-01      1445   1
-------------------------------------------------------------------
status         : iteration_limit
total time (s) : 6.209998e-01
total solves   : 1445
best bound     :  4.041870e+04
simulation ci  :  3.993360e+04 ± 1.564578e+03
numeric issues : 0
-------------------------------------------------------------------

-------------------------------------------------------------------
         SDDP.jl (c) Oscar Dowson and contributors, 2017-24
-------------------------------------------------------------------
problem
  nodes           : 12
  state variables : 10
  scenarios       : 2.44141e+08
  existing cuts   : true
options
  solver          : serial mode
  risk measure    : SDDP.Expectation()
  sampling scheme : SDDP.InSampleMonteCarlo
subproblem structure
  VariableRef                             : [52, 52]
  AffExpr in MOI.EqualTo{Float64}         : [15, 17]
  AffExpr in MOI.GreaterThan{Float64}     : [10, 14]
  VariableRef in MOI.EqualTo{Float64}     : [15, 15]
  VariableRef in MOI.GreaterThan{Float64} : [37, 37]
  VariableRef in MOI.LessThan{Float64}    : [1, 2]
-------------------------------------------------------------------
 iteration    simulation      bound        time (s)     solves  pid
-------------------------------------------------------------------
         1   3.745420e+04  4.041870e+04  6.499982e-02       797   1
        10   4.095770e+04  4.041870e+04  6.980000e-01      1445   1
-------------------------------------------------------------------
status         : iteration_limit
total time (s) : 6.980000e-01
total solves   : 1445
best bound     :  4.041870e+04
simulation ci  :  3.993360e+04 ± 1.564578e+03
numeric issues : 0
-------------------------------------------------------------------

-------------------------------------------------------------------
         SDDP.jl (c) Oscar Dowson and contributors, 2017-24
-------------------------------------------------------------------
problem
  nodes           : 12
  state variables : 10
  scenarios       : 2.44141e+08
  existing cuts   : true
options
  solver          : serial mode
  risk measure    : SDDP.Expectation()
  sampling scheme : SDDP.InSampleMonteCarlo
subproblem structure
  VariableRef                             : [52, 52]
  AffExpr in MOI.EqualTo{Float64}         : [15, 17]
  AffExpr in MOI.GreaterThan{Float64}     : [10, 14]
  VariableRef in MOI.EqualTo{Float64}     : [15, 15]
  VariableRef in MOI.GreaterThan{Float64} : [37, 37]
  VariableRef in MOI.LessThan{Float64}    : [1, 2]
-------------------------------------------------------------------
 iteration    simulation      bound        time (s)     solves  pid
-------------------------------------------------------------------
         1   3.745420e+04  4.041870e+04  5.299997e-02       797   1
        10   4.095770e+04  4.041870e+04  6.229999e-01      1445   1
-------------------------------------------------------------------
status         : iteration_limit
total time (s) : 6.229999e-01
total solves   : 1445
best bound     :  4.041870e+04
simulation ci  :  3.993360e+04 ± 1.564578e+03
numeric issues : 0
-------------------------------------------------------------------

-------------------------------------------------------------------
         SDDP.jl (c) Oscar Dowson and contributors, 2017-24
-------------------------------------------------------------------
problem
  nodes           : 12
  state variables : 10
  scenarios       : 2.44141e+08
  existing cuts   : true
options
  solver          : serial mode
  risk measure    : SDDP.Expectation()
  sampling scheme : SDDP.InSampleMonteCarlo
subproblem structure
  VariableRef                             : [52, 52]
  AffExpr in MOI.EqualTo{Float64}         : [15, 17]
  AffExpr in MOI.GreaterThan{Float64}     : [10, 14]
  VariableRef in MOI.EqualTo{Float64}     : [15, 15]
  VariableRef in MOI.GreaterThan{Float64} : [37, 37]
  VariableRef in MOI.LessThan{Float64}    : [1, 2]
-------------------------------------------------------------------
 iteration    simulation      bound        time (s)     solves  pid
-------------------------------------------------------------------
         1   3.745420e+04  4.041870e+04  6.200004e-02       797   1
        10   4.095770e+04  4.041870e+04  6.200001e-01      1445   1
-------------------------------------------------------------------
status         : iteration_limit
total time (s) : 6.200001e-01
total solves   : 1445
best bound     :  4.041870e+04
simulation ci  :  3.993360e+04 ± 1.564578e+03
numeric issues : 0
-------------------------------------------------------------------

-------------------------------------------------------------------
         SDDP.jl (c) Oscar Dowson and contributors, 2017-24
-------------------------------------------------------------------
problem
  nodes           : 12
  state variables : 10
  scenarios       : 2.44141e+08
  existing cuts   : true
options
  solver          : serial mode
  risk measure    : SDDP.Expectation()
  sampling scheme : SDDP.InSampleMonteCarlo
subproblem structure
  VariableRef                             : [52, 52]
  AffExpr in MOI.EqualTo{Float64}         : [15, 17]
  AffExpr in MOI.GreaterThan{Float64}     : [10, 14]
  VariableRef in MOI.EqualTo{Float64}     : [15, 15]
  VariableRef in MOI.GreaterThan{Float64} : [37, 37]
  VariableRef in MOI.LessThan{Float64}    : [1, 2]
-------------------------------------------------------------------
 iteration    simulation      bound        time (s)     solves  pid
-------------------------------------------------------------------
         1   3.987970e+04  4.041870e+04  6.100011e-02      1517   1
        15   4.446120e+04  4.041870e+04  1.105000e+00      2525   1
        20   4.796470e+04  4.041870e+04  1.490000e+00      2885   1
-------------------------------------------------------------------
status         : iteration_limit
total time (s) : 1.490000e+00
total solves   : 2885
best bound     :  4.041870e+04
simulation ci  :  4.177967e+04 ± 1.239067e+03
numeric issues : 0
-------------------------------------------------------------------

-------------------------------------------------------------------
         SDDP.jl (c) Oscar Dowson and contributors, 2017-24
-------------------------------------------------------------------
problem
  nodes           : 12
  state variables : 10
  scenarios       : 2.44141e+08
  existing cuts   : true
options
  solver          : serial mode
  risk measure    : SDDP.Expectation()
  sampling scheme : SDDP.InSampleMonteCarlo
subproblem structure
  VariableRef                             : [52, 52]
  AffExpr in MOI.EqualTo{Float64}         : [15, 17]
  AffExpr in MOI.GreaterThan{Float64}     : [10, 14]
  VariableRef in MOI.EqualTo{Float64}     : [15, 15]
  VariableRef in MOI.GreaterThan{Float64} : [37, 37]
  VariableRef in MOI.LessThan{Float64}    : [1, 2]
-------------------------------------------------------------------
 iteration    simulation      bound        time (s)     solves  pid
-------------------------------------------------------------------
         1   3.745420e+04  4.041870e+04  1.230001e-01       797   1
        10   4.095770e+04  4.041870e+04  6.960001e-01      1445   1
-------------------------------------------------------------------
status         : iteration_limit
total time (s) : 6.960001e-01
total solves   : 1445
best bound     :  4.041870e+04
simulation ci  :  3.993360e+04 ± 1.564578e+03
numeric issues : 0
-------------------------------------------------------------------

-------------------------------------------------------------------
         SDDP.jl (c) Oscar Dowson and contributors, 2017-24
-------------------------------------------------------------------
problem
  nodes           : 12
  state variables : 10
  scenarios       : 2.44141e+08
  existing cuts   : true
options
  solver          : serial mode
  risk measure    : SDDP.Expectation()
  sampling scheme : SDDP.InSampleMonteCarlo
subproblem structure
  VariableRef                             : [52, 52]
  AffExpr in MOI.EqualTo{Float64}         : [15, 17]
  AffExpr in MOI.GreaterThan{Float64}     : [10, 14]
  VariableRef in MOI.EqualTo{Float64}     : [15, 15]
  VariableRef in MOI.GreaterThan{Float64} : [37, 37]
  VariableRef in MOI.LessThan{Float64}    : [1, 2]
-------------------------------------------------------------------
 iteration    simulation      bound        time (s)     solves  pid
-------------------------------------------------------------------
         1   3.745420e+04  4.041870e+04  6.200004e-02       797   1
        10   4.095770e+04  4.041870e+04  6.860001e-01      1445   1
-------------------------------------------------------------------
status         : iteration_limit
total time (s) : 6.860001e-01
total solves   : 1445
best bound     :  4.041870e+04
simulation ci  :  3.993360e+04 ± 1.564578e+03
numeric issues : 0
-------------------------------------------------------------------

-------------------------------------------------------------------
         SDDP.jl (c) Oscar Dowson and contributors, 2017-24
-------------------------------------------------------------------
problem
  nodes           : 12
  state variables : 10
  scenarios       : 2.44141e+08
  existing cuts   : true
options
  solver          : serial mode
  risk measure    : SDDP.Expectation()
  sampling scheme : SDDP.InSampleMonteCarlo
subproblem structure
  VariableRef                             : [52, 52]
  AffExpr in MOI.EqualTo{Float64}         : [15, 17]
  AffExpr in MOI.GreaterThan{Float64}     : [10, 14]
  VariableRef in MOI.EqualTo{Float64}     : [15, 15]
  VariableRef in MOI.GreaterThan{Float64} : [37, 37]
  VariableRef in MOI.LessThan{Float64}    : [1, 2]
-------------------------------------------------------------------
 iteration    simulation      bound        time (s)     solves  pid
-------------------------------------------------------------------
         1   3.745420e+04  4.041870e+04  5.200005e-02       797   1
        10   4.095770e+04  4.041870e+04  6.420000e-01      1445   1
-------------------------------------------------------------------
status         : iteration_limit
total time (s) : 6.420000e-01
total solves   : 1445
best bound     :  4.041870e+04
simulation ci  :  3.993360e+04 ± 1.564578e+03
numeric issues : 0
-------------------------------------------------------------------

-------------------------------------------------------------------
         SDDP.jl (c) Oscar Dowson and contributors, 2017-24
-------------------------------------------------------------------
problem
  nodes           : 12
  state variables : 10
  scenarios       : 2.44141e+08
  existing cuts   : true
options
  solver          : serial mode
  risk measure    : SDDP.Expectation()
  sampling scheme : SDDP.InSampleMonteCarlo
subproblem structure
  VariableRef                             : [52, 52]
  AffExpr in MOI.EqualTo{Float64}         : [15, 17]
  AffExpr in MOI.GreaterThan{Float64}     : [10, 14]
  VariableRef in MOI.EqualTo{Float64}     : [15, 15]
  VariableRef in MOI.GreaterThan{Float64} : [37, 37]
  VariableRef in MOI.LessThan{Float64}    : [1, 2]
-------------------------------------------------------------------
 iteration    simulation      bound        time (s)     solves  pid
-------------------------------------------------------------------
         1   3.567550e+04  4.041870e+04  5.699992e-02       797   1
        10   4.128110e+04  4.041870e+04  7.690001e-01      1445   1
-------------------------------------------------------------------
status         : iteration_limit
total time (s) : 7.690001e-01
total solves   : 1445
best bound     :  4.041870e+04
simulation ci  :  3.964254e+04 ± 2.503324e+03
numeric issues : 0
-------------------------------------------------------------------

-------------------------------------------------------------------
         SDDP.jl (c) Oscar Dowson and contributors, 2017-24
-------------------------------------------------------------------
problem
  nodes           : 12
  state variables : 10
  scenarios       : 2.44141e+08
  existing cuts   : true
options
  solver          : serial mode
  risk measure    : SDDP.Expectation()
  sampling scheme : SDDP.InSampleMonteCarlo
subproblem structure
  VariableRef                             : [52, 52]
  AffExpr in MOI.EqualTo{Float64}         : [15, 17]
  AffExpr in MOI.GreaterThan{Float64}     : [10, 14]
  AffExpr in MOI.LessThan{Float64}        : [3, 3]
  VariableRef in MOI.EqualTo{Float64}     : [15, 15]
  VariableRef in MOI.GreaterThan{Float64} : [37, 37]
  VariableRef in MOI.LessThan{Float64}    : [1, 2]
-------------------------------------------------------------------
 iteration    simulation      bound        time (s)     solves  pid
-------------------------------------------------------------------
         1   3.880450e+04  4.208761e+04  6.200004e-02       797   1
        10   4.320008e+04  4.211806e+04  7.500000e-01      1445   1
-------------------------------------------------------------------
status         : iteration_limit
total time (s) : 7.500000e-01
total solves   : 1445
best bound     :  4.211806e+04
simulation ci  :  4.174142e+04 ± 1.859526e+03
numeric issues : 0
-------------------------------------------------------------------

-------------------------------------------------------------------
         SDDP.jl (c) Oscar Dowson and contributors, 2017-24
-------------------------------------------------------------------
problem
  nodes           : 12
  state variables : 10
  scenarios       : 2.44141e+08
  existing cuts   : true
options
  solver          : serial mode
  risk measure    : SDDP.Expectation()
  sampling scheme : SDDP.InSampleMonteCarlo
subproblem structure
  VariableRef                             : [52, 52]
  AffExpr in MOI.EqualTo{Float64}         : [15, 17]
  AffExpr in MOI.GreaterThan{Float64}     : [10, 14]
  AffExpr in MOI.LessThan{Float64}        : [3, 3]
  VariableRef in MOI.EqualTo{Float64}     : [15, 15]
  VariableRef in MOI.GreaterThan{Float64} : [37, 37]
  VariableRef in MOI.LessThan{Float64}    : [1, 2]
-------------------------------------------------------------------
 iteration    simulation      bound        time (s)     solves  pid
-------------------------------------------------------------------
         1  -1.193459e+00 -9.815435e-02  6.099987e-02       797   1
        10  -1.181991e+00 -9.815435e-02  6.229999e-01      1445   1
-------------------------------------------------------------------
status         : iteration_limit
total time (s) : 6.229999e-01
total solves   : 1445
best bound     : -9.815435e-02
simulation ci  : -1.185862e+00 ± 4.929298e-03
numeric issues : 0
-------------------------------------------------------------------

-------------------------------------------------------------------
         SDDP.jl (c) Oscar Dowson and contributors, 2017-24
-------------------------------------------------------------------
problem
  nodes           : 12
  state variables : 10
  scenarios       : 2.44141e+08
  existing cuts   : true
options
  solver          : serial mode
  risk measure    : SDDP.Expectation()
  sampling scheme : SDDP.InSampleMonteCarlo
subproblem structure
  VariableRef                             : [52, 52]
  AffExpr in MOI.EqualTo{Float64}         : [15, 17]
  AffExpr in MOI.GreaterThan{Float64}     : [10, 14]
  AffExpr in MOI.LessThan{Float64}        : [3, 3]
  VariableRef in MOI.EqualTo{Float64}     : [15, 15]
  VariableRef in MOI.GreaterThan{Float64} : [37, 37]
  VariableRef in MOI.LessThan{Float64}    : [1, 2]
-------------------------------------------------------------------
 iteration    simulation      bound        time (s)     solves  pid
-------------------------------------------------------------------
         1  -1.174086e+00 -9.642865e-02  5.800009e-02       797   1
        10  -1.149410e+00 -9.642865e-02  6.320000e-01      1445   1
-------------------------------------------------------------------
status         : iteration_limit
total time (s) : 6.320000e-01
total solves   : 1445
best bound     : -9.642865e-02
simulation ci  : -1.158040e+00 ± 9.110177e-03
numeric issues : 0
-------------------------------------------------------------------

-------------------------------------------------------------------
         SDDP.jl (c) Oscar Dowson and contributors, 2017-24
-------------------------------------------------------------------
problem
  nodes           : 12
  state variables : 10
  scenarios       : 2.44141e+08
  existing cuts   : true
options
  solver          : serial mode
  risk measure    : SDDP.Expectation()
  sampling scheme : SDDP.InSampleMonteCarlo
subproblem structure
  VariableRef                             : [52, 52]
  AffExpr in MOI.EqualTo{Float64}         : [15, 17]
  AffExpr in MOI.GreaterThan{Float64}     : [10, 14]
  AffExpr in MOI.LessThan{Float64}        : [3, 3]
  VariableRef in MOI.EqualTo{Float64}     : [15, 15]
  VariableRef in MOI.GreaterThan{Float64} : [37, 37]
  VariableRef in MOI.LessThan{Float64}    : [1, 2]
-------------------------------------------------------------------
 iteration    simulation      bound        time (s)     solves  pid
-------------------------------------------------------------------
         1  -1.158345e+00 -9.633477e-02  5.799985e-02       797   1
        10  -1.096685e+00 -9.633477e-02  6.210001e-01      1445   1
-------------------------------------------------------------------
status         : iteration_limit
total time (s) : 6.210001e-01
total solves   : 1445
best bound     : -9.633477e-02
simulation ci  : -1.127326e+00 ± 1.906028e-02
numeric issues : 0
-------------------------------------------------------------------

-------------------------------------------------------------------
         SDDP.jl (c) Oscar Dowson and contributors, 2017-24
-------------------------------------------------------------------
problem
  nodes           : 12
  state variables : 10
  scenarios       : 2.44141e+08
  existing cuts   : true
options
  solver          : serial mode
  risk measure    : SDDP.Expectation()
  sampling scheme : SDDP.InSampleMonteCarlo
subproblem structure
  VariableRef                             : [52, 52]
  AffExpr in MOI.EqualTo{Float64}         : [15, 17]
  AffExpr in MOI.GreaterThan{Float64}     : [10, 14]
  AffExpr in MOI.LessThan{Float64}        : [3, 3]
  VariableRef in MOI.EqualTo{Float64}     : [15, 15]
  VariableRef in MOI.GreaterThan{Float64} : [37, 37]
  VariableRef in MOI.LessThan{Float64}    : [1, 2]
-------------------------------------------------------------------
 iteration    simulation      bound        time (s)     solves  pid
-------------------------------------------------------------------
         1   7.335069e+04  7.600885e+04  5.099988e-02       797   1
        10   7.698361e+04  7.606349e+04  5.990000e-01      1445   1
-------------------------------------------------------------------
status         : iteration_limit
total time (s) : 5.990000e-01
total solves   : 1445
best bound     :  7.606349e+04
simulation ci  :  7.555196e+04 ± 2.590462e+03
numeric issues : 0
-------------------------------------------------------------------

-------------------------------------------------------------------
         SDDP.jl (c) Oscar Dowson and contributors, 2017-24
-------------------------------------------------------------------
problem
  nodes           : 12
  state variables : 10
  scenarios       : 2.44141e+08
  existing cuts   : true
options
  solver          : serial mode
  risk measure    : SDDP.Expectation()
  sampling scheme : SDDP.InSampleMonteCarlo
subproblem structure
  VariableRef                             : [52, 52]
  AffExpr in MOI.EqualTo{Float64}         : [15, 17]
  AffExpr in MOI.GreaterThan{Float64}     : [10, 14]
  AffExpr in MOI.LessThan{Float64}        : [3, 3]
  VariableRef in MOI.EqualTo{Float64}     : [15, 15]
  VariableRef in MOI.GreaterThan{Float64} : [37, 37]
  VariableRef in MOI.LessThan{Float64}    : [1, 2]
-------------------------------------------------------------------
 iteration    simulation      bound        time (s)     solves  pid
-------------------------------------------------------------------
         1  -1.318442e+00 -1.085223e-01  6.500006e-02       797   1
        10  -1.294931e+00 -1.085223e-01  5.310001e-01      1445   1
-------------------------------------------------------------------
status         : iteration_limit
total time (s) : 5.310001e-01
total solves   : 1445
best bound     : -1.085223e-01
simulation ci  : -1.303656e+00 ± 8.684821e-03
numeric issues : 0
-------------------------------------------------------------------

-------------------------------------------------------------------
         SDDP.jl (c) Oscar Dowson and contributors, 2017-24
-------------------------------------------------------------------
problem
  nodes           : 12
  state variables : 10
  scenarios       : 2.44141e+08
  existing cuts   : true
options
  solver          : serial mode
  risk measure    : SDDP.Expectation()
  sampling scheme : SDDP.InSampleMonteCarlo
subproblem structure
  VariableRef                             : [52, 52]
  AffExpr in MOI.EqualTo{Float64}         : [15, 17]
  AffExpr in MOI.GreaterThan{Float64}     : [10, 14]
  AffExpr in MOI.LessThan{Float64}        : [3, 3]
  VariableRef in MOI.EqualTo{Float64}     : [15, 15]
  VariableRef in MOI.GreaterThan{Float64} : [37, 37]
  VariableRef in MOI.LessThan{Float64}    : [1, 2]
-------------------------------------------------------------------
 iteration    simulation      bound        time (s)     solves  pid
-------------------------------------------------------------------
         1   1.294656e+05  2.216900e+04  6.699991e-02       797   1
        10   8.281385e+04  8.325870e+04  7.329998e-01      1445   1
-------------------------------------------------------------------
status         : iteration_limit
total time (s) : 7.329998e-01
total solves   : 1445
best bound     :  8.325870e+04
simulation ci  :  8.813467e+04 ± 9.524968e+03
numeric issues : 0
-------------------------------------------------------------------

-------------------------------------------------------------------
         SDDP.jl (c) Oscar Dowson and contributors, 2017-24
-------------------------------------------------------------------
problem
  nodes           : 12
  state variables : 10
  scenarios       : 2.44141e+08
  existing cuts   : true
options
  solver          : serial mode
  risk measure    : SDDP.Expectation()
  sampling scheme : SDDP.InSampleMonteCarlo
subproblem structure
  VariableRef                             : [52, 52]
  AffExpr in MOI.EqualTo{Float64}         : [15, 17]
  AffExpr in MOI.GreaterThan{Float64}     : [10, 14]
  AffExpr in MOI.LessThan{Float64}        : [3, 3]
  VariableRef in MOI.EqualTo{Float64}     : [15, 15]
  VariableRef in MOI.GreaterThan{Float64} : [37, 37]
  VariableRef in MOI.LessThan{Float64}    : [1, 2]
-------------------------------------------------------------------
 iteration    simulation      bound        time (s)     solves  pid
-------------------------------------------------------------------
         1   1.294656e+05  2.216900e+04  5.999994e-02       797   1
        10   8.281385e+04  8.325870e+04  8.020000e-01      1445   1
-------------------------------------------------------------------
status         : iteration_limit
total time (s) : 8.020000e-01
total solves   : 1445
best bound     :  8.325870e+04
simulation ci  :  8.813467e+04 ± 9.524968e+03
numeric issues : 0
-------------------------------------------------------------------

-------------------------------------------------------------------
         SDDP.jl (c) Oscar Dowson and contributors, 2017-24
-------------------------------------------------------------------
problem
  nodes           : 12
  state variables : 10
  scenarios       : 2.44141e+08
  existing cuts   : true
options
  solver          : serial mode
  risk measure    : SDDP.Expectation()
  sampling scheme : SDDP.InSampleMonteCarlo
subproblem structure
  VariableRef                             : [52, 52]
  AffExpr in MOI.EqualTo{Float64}         : [15, 17]
  AffExpr in MOI.GreaterThan{Float64}     : [10, 14]
  AffExpr in MOI.LessThan{Float64}        : [3, 3]
  VariableRef in MOI.EqualTo{Float64}     : [15, 15]
  VariableRef in MOI.GreaterThan{Float64} : [37, 37]
  VariableRef in MOI.LessThan{Float64}    : [1, 2]
-------------------------------------------------------------------
 iteration    simulation      bound        time (s)     solves  pid
-------------------------------------------------------------------
         1   1.294656e+05  2.216900e+04  6.200004e-02       797   1
        10   8.281385e+04  8.325870e+04  7.190001e-01      1445   1
-------------------------------------------------------------------
status         : iteration_limit
total time (s) : 7.190001e-01
total solves   : 1445
best bound     :  8.325870e+04
simulation ci  :  8.813467e+04 ± 9.524968e+03
numeric issues : 0
-------------------------------------------------------------------

-------------------------------------------------------------------
         SDDP.jl (c) Oscar Dowson and contributors, 2017-24
-------------------------------------------------------------------
problem
  nodes           : 12
  state variables : 10
  scenarios       : 2.44141e+08
  existing cuts   : true
options
  solver          : serial mode
  risk measure    : SDDP.Expectation()
  sampling scheme : SDDP.InSampleMonteCarlo
subproblem structure
  VariableRef                             : [52, 52]
  AffExpr in MOI.EqualTo{Float64}         : [15, 17]
  AffExpr in MOI.GreaterThan{Float64}     : [10, 14]
  AffExpr in MOI.LessThan{Float64}        : [3, 3]
  VariableRef in MOI.EqualTo{Float64}     : [15, 15]
  VariableRef in MOI.GreaterThan{Float64} : [37, 37]
  VariableRef in MOI.LessThan{Float64}    : [1, 2]
-------------------------------------------------------------------
 iteration    simulation      bound        time (s)     solves  pid
-------------------------------------------------------------------
         1  -1.261772e+00 -1.098330e-01  5.299997e-02       797   1
        10  -1.205985e+00 -1.098330e-01  5.109999e-01      1445   1
-------------------------------------------------------------------
status         : iteration_limit
total time (s) : 5.109999e-01
total solves   : 1445
best bound     : -1.098330e-01
simulation ci  : -1.218746e+00 ± 2.813620e-02
numeric issues : 0
-------------------------------------------------------------------

-------------------------------------------------------------------
         SDDP.jl (c) Oscar Dowson and contributors, 2017-24
-------------------------------------------------------------------
problem
  nodes           : 12
  state variables : 10
  scenarios       : 2.44141e+08
  existing cuts   : true
options
  solver          : serial mode
  risk measure    : SDDP.Expectation()
  sampling scheme : SDDP.InSampleMonteCarlo
subproblem structure
  VariableRef                             : [52, 52]
  AffExpr in MOI.EqualTo{Float64}         : [15, 17]
  AffExpr in MOI.GreaterThan{Float64}     : [10, 14]
  AffExpr in MOI.LessThan{Float64}        : [3, 3]
  VariableRef in MOI.EqualTo{Float64}     : [15, 15]
  VariableRef in MOI.GreaterThan{Float64} : [37, 37]
  VariableRef in MOI.LessThan{Float64}    : [1, 2]
-------------------------------------------------------------------
 iteration    simulation      bound        time (s)     solves  pid
-------------------------------------------------------------------
         1   1.294656e+05  2.216900e+04  9.899998e-02       797   1
        10   8.281385e+04  8.325870e+04  5.960000e-01      1445   1
-------------------------------------------------------------------
status         : iteration_limit
total time (s) : 5.960000e-01
total solves   : 1445
best bound     :  8.325870e+04
simulation ci  :  8.813467e+04 ± 9.524968e+03
numeric issues : 0
-------------------------------------------------------------------

