-------------------------------------------------------------------
         SDDP.jl (c) Oscar Dowson and contributors, 2017-24
-------------------------------------------------------------------
problem
  nodes           : 12
  state variables : 10
  scenarios       : 2.44141e+08
  existing cuts   : true
options
  solver          : serial mode
  risk measure    : SDDP.Expectation()
  sampling scheme : SDDP.InSampleMonteCarlo
subproblem structure
  VariableRef                             : [52, 52]
  AffExpr in MOI.EqualTo{Float64}         : [15, 17]
  AffExpr in MOI.GreaterThan{Float64}     : [10, 42]
  AffExpr in MOI.LessThan{Float64}        : [3, 3]
  VariableRef in MOI.EqualTo{Float64}     : [15, 15]
  VariableRef in MOI.GreaterThan{Float64} : [37, 37]
  VariableRef in MOI.LessThan{Float64}    : [1, 2]
-------------------------------------------------------------------
 iteration    simulation      bound        time (s)     solves  pid
-------------------------------------------------------------------
         1   8.614492e+04  8.969099e+04  6.100011e-02      5147   1
        10   9.122224e+04  9.006821e+04  6.689999e-01      5795   1
-------------------------------------------------------------------
status         : iteration_limit
total time (s) : 6.689999e-01
total solves   : 5795
best bound     :  9.006821e+04
simulation ci  :  8.990887e+04 ± 1.144161e+04
numeric issues : 0
-------------------------------------------------------------------

-------------------------------------------------------------------
         SDDP.jl (c) Oscar Dowson and contributors, 2017-24
-------------------------------------------------------------------
problem
  nodes           : 12
  state variables : 10
  scenarios       : 2.44141e+08
  existing cuts   : true
options
  solver          : serial mode
  risk measure    : SDDP.Expectation()
  sampling scheme : SDDP.InSampleMonteCarlo
subproblem structure
  VariableRef                             : [52, 52]
  AffExpr in MOI.EqualTo{Float64}         : [15, 17]
  AffExpr in MOI.GreaterThan{Float64}     : [10, 37]
  AffExpr in MOI.LessThan{Float64}        : [3, 3]
  VariableRef in MOI.EqualTo{Float64}     : [15, 15]
  VariableRef in MOI.GreaterThan{Float64} : [37, 37]
  VariableRef in MOI.LessThan{Float64}    : [1, 2]
-------------------------------------------------------------------
 iteration    simulation      bound        time (s)     solves  pid
-------------------------------------------------------------------
         1   8.480971e+04  8.596070e+04  6.099987e-02      5147   1
        10   8.706895e+04  8.599689e+04  6.510000e-01      5795   1
-------------------------------------------------------------------
status         : iteration_limit
total time (s) : 6.510000e-01
total solves   : 5795
best bound     :  8.599689e+04
simulation ci  :  8.455706e+04 ± 4.187936e+03
numeric issues : 0
-------------------------------------------------------------------

-------------------------------------------------------------------
         SDDP.jl (c) Oscar Dowson and contributors, 2017-24
-------------------------------------------------------------------
problem
  nodes           : 12
  state variables : 10
  scenarios       : 2.44141e+08
  existing cuts   : true
options
  solver          : serial mode
  risk measure    : SDDP.Expectation()
  sampling scheme : SDDP.InSampleMonteCarlo
subproblem structure
  VariableRef                             : [52, 52]
  AffExpr in MOI.EqualTo{Float64}         : [15, 17]
  AffExpr in MOI.GreaterThan{Float64}     : [10, 37]
  AffExpr in MOI.LessThan{Float64}        : [3, 3]
  VariableRef in MOI.EqualTo{Float64}     : [15, 15]
  VariableRef in MOI.GreaterThan{Float64} : [37, 37]
  VariableRef in MOI.LessThan{Float64}    : [1, 2]
-------------------------------------------------------------------
 iteration    simulation      bound        time (s)     solves  pid
-------------------------------------------------------------------
         1   8.480971e+04  8.596070e+04  6.199980e-02      5147   1
        10   8.706895e+04  8.599689e+04  6.650000e-01      5795   1
-------------------------------------------------------------------
status         : iteration_limit
total time (s) : 6.650000e-01
total solves   : 5795
best bound     :  8.599689e+04
simulation ci  :  8.455706e+04 ± 4.187936e+03
numeric issues : 0
-------------------------------------------------------------------

-------------------------------------------------------------------
         SDDP.jl (c) Oscar Dowson and contributors, 2017-24
-------------------------------------------------------------------
problem
  nodes           : 12
  state variables : 10
  scenarios       : 2.44141e+08
  existing cuts   : true
options
  solver          : serial mode
  risk measure    : SDDP.Expectation()
  sampling scheme : SDDP.InSampleMonteCarlo
subproblem structure
  VariableRef                             : [52, 52]
  AffExpr in MOI.EqualTo{Float64}         : [15, 17]
  AffExpr in MOI.GreaterThan{Float64}     : [10, 37]
  AffExpr in MOI.LessThan{Float64}        : [3, 3]
  VariableRef in MOI.EqualTo{Float64}     : [15, 15]
  VariableRef in MOI.GreaterThan{Float64} : [37, 37]
  VariableRef in MOI.LessThan{Float64}    : [1, 2]
-------------------------------------------------------------------
 iteration    simulation      bound        time (s)     solves  pid
-------------------------------------------------------------------
         1   8.480971e+04  8.596070e+04  5.699992e-02      5147   1
        10   8.706895e+04  8.599689e+04  7.049999e-01      5795   1
-------------------------------------------------------------------
status         : iteration_limit
total time (s) : 7.049999e-01
total solves   : 5795
best bound     :  8.599689e+04
simulation ci  :  8.455706e+04 ± 4.187936e+03
numeric issues : 0
-------------------------------------------------------------------

