-------------------------------------------------------------------
         SDDP.jl (c) Oscar Dowson and contributors, 2017-24
-------------------------------------------------------------------
problem
  nodes           : 12
  state variables : 10
  scenarios       : 2.44141e+08
  existing cuts   : true
options
  solver          : serial mode
  risk measure    : SDDP.Expectation()
  sampling scheme : SDDP.InSampleMonteCarlo
subproblem structure
  VariableRef                             : [52, 52]
  AffExpr in MOI.EqualTo{Float64}         : [15, 17]
  AffExpr in MOI.GreaterThan{Float64}     : [10, 14]
  AffExpr in MOI.LessThan{Float64}        : [3, 3]
  VariableRef in MOI.EqualTo{Float64}     : [15, 15]
  VariableRef in MOI.GreaterThan{Float64} : [37, 37]
  VariableRef in MOI.LessThan{Float64}    : [1, 2]
-------------------------------------------------------------------
 iteration    simulation      bound        time (s)     solves  pid
-------------------------------------------------------------------
         1   3.880450e+04  4.209052e+04  5.999994e-02       797   1
        10   4.309346e+04  4.211697e+04  7.240000e-01      1445   1
-------------------------------------------------------------------
status         : iteration_limit
total time (s) : 7.240000e-01
total solves   : 1445
best bound     :  4.211697e+04
simulation ci  :  4.172566e+04 ± 1.855884e+03
numeric issues : 0
-------------------------------------------------------------------

-------------------------------------------------------------------
         SDDP.jl (c) Oscar Dowson and contributors, 2017-24
-------------------------------------------------------------------
problem
  nodes           : 12
  state variables : 10
  scenarios       : 2.44141e+08
  existing cuts   : true
options
  solver          : serial mode
  risk measure    : SDDP.Expectation()
  sampling scheme : SDDP.InSampleMonteCarlo
subproblem structure
  VariableRef                             : [52, 52]
  AffExpr in MOI.EqualTo{Float64}         : [15, 17]
  AffExpr in MOI.GreaterThan{Float64}     : [10, 14]
  AffExpr in MOI.LessThan{Float64}        : [3, 3]
  VariableRef in MOI.EqualTo{Float64}     : [15, 15]
  VariableRef in MOI.GreaterThan{Float64} : [37, 37]
  VariableRef in MOI.LessThan{Float64}    : [1, 2]
-------------------------------------------------------------------
 iteration    simulation      bound        time (s)     solves  pid
-------------------------------------------------------------------
         1   7.335069e+04  7.600885e+04  4.999995e-02       797   1
        10   7.698361e+04  7.606349e+04  5.630000e-01      1445   1
-------------------------------------------------------------------
status         : iteration_limit
total time (s) : 5.630000e-01
total solves   : 1445
best bound     :  7.606349e+04
simulation ci  :  7.555196e+04 ± 2.590462e+03
numeric issues : 0
-------------------------------------------------------------------

-------------------------------------------------------------------
         SDDP.jl (c) Oscar Dowson and contributors, 2017-24
-------------------------------------------------------------------
problem
  nodes           : 12
  state variables : 10
  scenarios       : 2.44141e+08
  existing cuts   : true
options
  solver          : serial mode
  risk measure    : SDDP.Expectation()
  sampling scheme : SDDP.InSampleMonteCarlo
subproblem structure
  VariableRef                             : [52, 52]
  AffExpr in MOI.EqualTo{Float64}         : [15, 17]
  AffExpr in MOI.GreaterThan{Float64}     : [10, 14]
  AffExpr in MOI.LessThan{Float64}        : [3, 3]
  VariableRef in MOI.EqualTo{Float64}     : [15, 15]
  VariableRef in MOI.GreaterThan{Float64} : [37, 37]
  VariableRef in MOI.LessThan{Float64}    : [1, 2]
-------------------------------------------------------------------
 iteration    simulation      bound        time (s)     solves  pid
-------------------------------------------------------------------
         1   1.294656e+05  2.216900e+04  5.599999e-02       797   1
        10   8.281385e+04  8.325870e+04  5.699999e-01      1445   1
-------------------------------------------------------------------
status         : iteration_limit
total time (s) : 5.699999e-01
total solves   : 1445
best bound     :  8.325870e+04
simulation ci  :  8.813467e+04 ± 9.524968e+03
numeric issues : 0
-------------------------------------------------------------------

-------------------------------------------------------------------
         SDDP.jl (c) Oscar Dowson and contributors, 2017-24
-------------------------------------------------------------------
problem
  nodes           : 12
  state variables : 10
  scenarios       : 2.44141e+08
  existing cuts   : true
options
  solver          : serial mode
  risk measure    : SDDP.Expectation()
  sampling scheme : SDDP.InSampleMonteCarlo
subproblem structure
  VariableRef                             : [52, 52]
  AffExpr in MOI.EqualTo{Float64}         : [15, 17]
  AffExpr in MOI.GreaterThan{Float64}     : [10, 14]
  AffExpr in MOI.LessThan{Float64}        : [3, 3]
  VariableRef in MOI.EqualTo{Float64}     : [15, 15]
  VariableRef in MOI.GreaterThan{Float64} : [37, 37]
  VariableRef in MOI.LessThan{Float64}    : [1, 2]
-------------------------------------------------------------------
 iteration    simulation      bound        time (s)     solves  pid
-------------------------------------------------------------------
         1   1.294656e+05  2.216900e+04  7.199979e-02       797   1
        10   8.281385e+04  8.325870e+04  6.989999e-01      1445   1
-------------------------------------------------------------------
status         : iteration_limit
total time (s) : 6.989999e-01
total solves   : 1445
best bound     :  8.325870e+04
simulation ci  :  8.813467e+04 ± 9.524968e+03
numeric issues : 0
-------------------------------------------------------------------

-------------------------------------------------------------------
         SDDP.jl (c) Oscar Dowson and contributors, 2017-24
-------------------------------------------------------------------
problem
  nodes           : 12
  state variables : 10
  scenarios       : 2.44141e+08
  existing cuts   : true
options
  solver          : serial mode
  risk measure    : SDDP.Expectation()
  sampling scheme : SDDP.InSampleMonteCarlo
subproblem structure
  VariableRef                             : [52, 52]
  AffExpr in MOI.EqualTo{Float64}         : [15, 17]
  AffExpr in MOI.GreaterThan{Float64}     : [10, 14]
  AffExpr in MOI.LessThan{Float64}        : [3, 3]
  VariableRef in MOI.EqualTo{Float64}     : [15, 15]
  VariableRef in MOI.GreaterThan{Float64} : [37, 37]
  VariableRef in MOI.LessThan{Float64}    : [1, 2]
-------------------------------------------------------------------
 iteration    simulation      bound        time (s)     solves  pid
-------------------------------------------------------------------
         1   1.294656e+05  2.216900e+04  4.999995e-02       797   1
        10   8.281385e+04  8.325870e+04  5.649998e-01      1445   1
-------------------------------------------------------------------
status         : iteration_limit
total time (s) : 5.649998e-01
total solves   : 1445
best bound     :  8.325870e+04
simulation ci  :  8.813467e+04 ± 9.524968e+03
numeric issues : 0
-------------------------------------------------------------------

